c:\users\hot56\onedrive\문서\butterfly\butterfly\winmain\x64\debug\vc143.pdb
c:\users\hot56\onedrive\문서\butterfly\butterfly\winmain\x64\debug\vc143.idb
c:\users\user\documents\butterfly\butterfly\winmain\x64\debug\vc143.pdb
c:\users\user\documents\butterfly\butterfly\winmain\x64\debug\vc143.idb
c:\users\user\documents\butterfly\butterfly\winmain\x64\debug\winmain.obj
c:\users\user\documents\butterfly\butterfly\winmain\x64\debug\timer.obj
c:\users\user\documents\butterfly\butterfly\winmain\x64\debug\render.obj
c:\users\user\documents\butterfly\butterfly\winmain\x64\debug\movemanagers.obj
c:\users\user\documents\butterfly\butterfly\winmain\x64\debug\keyboardinputmanager.obj
c:\users\user\documents\butterfly\butterfly\x64\debug\winmain.exe
c:\users\user\documents\butterfly\butterfly\x64\debug\winmain.pdb
c:\users\user\documents\butterfly\butterfly\winmain\x64\debug\winmain.res
c:\users\user\documents\butterfly\butterfly\winmain\x64\debug\winmain.ilk
c:\users\user\documents\butterfly\butterfly\winmain\x64\debug\winmain.tlog\cl.command.1.tlog
c:\users\user\documents\butterfly\butterfly\winmain\x64\debug\winmain.tlog\cl.items.tlog
c:\users\user\documents\butterfly\butterfly\winmain\x64\debug\winmain.tlog\cl.read.1.tlog
c:\users\user\documents\butterfly\butterfly\winmain\x64\debug\winmain.tlog\cl.write.1.tlog
c:\users\user\documents\butterfly\butterfly\winmain\x64\debug\winmain.tlog\link.command.1.tlog
c:\users\user\documents\butterfly\butterfly\winmain\x64\debug\winmain.tlog\link.read.1.tlog
c:\users\user\documents\butterfly\butterfly\winmain\x64\debug\winmain.tlog\link.secondary.1.tlog
c:\users\user\documents\butterfly\butterfly\winmain\x64\debug\winmain.tlog\link.write.1.tlog
c:\users\user\documents\butterfly\butterfly\winmain\x64\debug\winmain.tlog\rc.command.1.tlog
c:\users\user\documents\butterfly\butterfly\winmain\x64\debug\winmain.tlog\rc.read.1.tlog
c:\users\user\documents\butterfly\butterfly\winmain\x64\debug\winmain.tlog\rc.write.1.tlog
